<?xml version="1.0" encoding="UTF-8"?>
<!-- Generated by org.testng.reporters.JUnitReportReporter -->
<testsuite hostname="MDALLAL" failures="0" tests="12" name="Almosafer.Almosafer.AppTest" time="59.584" errors="0" timestamp="2025-05-05T19:07:47 GMT+03:00" skipped="0">
  <testcase classname="Almosafer.Almosafer.AppTest" name="check_the_language" time="0.114"/>
  <testcase classname="Almosafer.Almosafer.AppTest" name="currencyBtn" time="0.111"/>
  <testcase classname="Almosafer.Almosafer.AppTest" name="phone" time="0.074"/>
  <testcase classname="Almosafer.Almosafer.AppTest" name="qitaf_logo" time="8.683"/>
  <testcase classname="Almosafer.Almosafer.AppTest" name="hotelsTab" time="2.053"/>
  <testcase classname="Almosafer.Almosafer.AppTest" name="Change_Languages_Random_Clicks" time="12.606"/>
  <testcase classname="Almosafer.Almosafer.AppTest" name="selectDeparturePlus3AndReturnPlus10" time="3.408"/>
  <testcase classname="Almosafer.Almosafer.AppTest" name="Switch_to_Hotel_Tab" time="3.383"/>
  <testcase classname="Almosafer.Almosafer.AppTest" name="check_In_And_cheak_out_Date" time="6.780"/>
  <testcase classname="Almosafer.Almosafer.AppTest" name="Rooms_and_guest" time="0.104"/>
  <testcase classname="Almosafer.Almosafer.AppTest" name="searchButton" time="16.269"/>
  <testcase classname="Almosafer.Almosafer.AppTest" name="verifySearchResultsLoaded" time="5.999"/>
</testsuite> <!-- Almosafer.Almosafer.AppTest -->
