<?xml version="1.0" encoding="UTF-8"?>
<!-- Generated by org.testng.reporters.JUnitReportReporter -->
<testsuite hostname="MDALLAL" failures="0" tests="12" name="Almosafer.Almosafer.AppTest" time="62.265" errors="0" timestamp="2025-05-05T18:00:14 GMT+03:00" skipped="0">
  <testcase classname="Almosafer.Almosafer.AppTest" name="check_the_language" time="0.936"/>
  <testcase classname="Almosafer.Almosafer.AppTest" name="currencyBtn" time="1.975"/>
  <testcase classname="Almosafer.Almosafer.AppTest" name="phone" time="0.066"/>
  <testcase classname="Almosafer.Almosafer.AppTest" name="qitaf_logo" time="7.312"/>
  <testcase classname="Almosafer.Almosafer.AppTest" name="hotelsTab" time="2.081"/>
  <testcase classname="Almosafer.Almosafer.AppTest" name="Change_Languages_Random_Clicks" time="5.203"/>
  <testcase classname="Almosafer.Almosafer.AppTest" name="selectDeparturePlus3AndReturnPlus10" time="4.096"/>
  <testcase classname="Almosafer.Almosafer.AppTest" name="Switch_to_Hotel_Tab" time="3.160"/>
  <testcase classname="Almosafer.Almosafer.AppTest" name="check_In_And_cheak_out_Date" time="7.217"/>
  <testcase classname="Almosafer.Almosafer.AppTest" name="Rooms_and_guest" time="0.367"/>
  <testcase classname="Almosafer.Almosafer.AppTest" name="searchButton" time="29.214"/>
  <testcase classname="Almosafer.Almosafer.AppTest" name="verifySearchResultsLoaded" time="0.638"/>
</testsuite> <!-- Almosafer.Almosafer.AppTest -->
